t: 1 r1 3.4634316654456867e+2075 r2 9.7736604752238542e-1084 r 2.6031485297123166e+992
t: 2 r1 1.3019014266584116e+2076 r2 9.7736556286948618e-1084 r 5.7491761300652821e+1984
t: 3 r1 1.4622265656029314e+2076 r2 9.7736582468608741e-1084 r 5.4163561561513492e+2976
t: 4 r1 3.7346972313752170e+2075 r2 9.7728086459318356e-1084 r 1.5349885399559923e+3969
t: 5 r1 2.4322985600995000e+2076 r2 9.7728086459318356e-1084 r 1.6069414853403808e+4962
t: 6 r1 2.4082704330167037e+2076 r2 9.7727214474224315e-1084 r 3.4208159774795927e+5954
t: 7 r1 2.3517000932370476e+2076 r2 9.7727214474224315e-1084 r 3.6045554341488331e+6947
t: 8 r1 4.0545740047281767e+2076 r2 9.7727214474224315e-1084 r 6.8106461853959235e+7940
t: 9 r1 2.3400595469165826e+2076 r2 9.7727214474224315e-1084 r 1.0535668952190050e+8934
t: 10 r1 1.7406594174658326e+2076 r2 9.7727166662797089e-1084 r 1.2285543329377461e+9927
t: 11 r1 4.4184410753072137e+2075 r2 9.7727166662797089e-1084 r 1.2322746356886645e+10918
t: 12 r1 1.3668578826090078e+2076 r2 9.7727166662797089e-1084 r 1.2541510688483669e+11910
t: 13 r1 1.8352124184852323e+2076 r2 9.7727457511711278e-1084 r 1.2079123162923743e+12903
t: 14 r1 4.5799770312203217e+2075 r2 9.7735238022187351e-1084 r 4.5909654247631855e+13895
t: 15 r1 3.2040182469706104e+2076 r2 9.7735436267135266e-1084 r 9.5124856191478952e+14888
t: 16 r1 4.5622724134157933e+2076 r2 9.7735589065054195e-1084 r 4.1459725310830139e+15882
t: 17 r1 3.3822207408481316e+2076 r2 9.7735589065054195e-1084 r 9.5331461064867260e+16875
t: 18 r1 4.8243973628613491e+2075 r2 9.7735436267135266e-1084 r 3.1795990861224875e+17868
t: 19 r1 5.5627398191591159e+2075 r2 9.7735436267135266e-1084 r 3.6397174219418644e+18860
t: 20 r1 1.5859330520611242e+2076 r2 9.7741237780569109e-1084 r 5.4964458730303432e+19853
t: 21 r1 2.0029163988910864e+2075 r2 9.7726957040737923e-1084 r 8.2223810542527492e+20845
t: 22 r1 1.8102053975740117e+2076 r2 9.7726997667352906e-1084 r 1.0069434337597391e+21839
t: 23 r1 5.0501371058693405e+2075 r2 9.7726997667352906e-1084 r 3.1827775758239159e+22831
t: 24 r1 5.8222078418322080e+2076 r2 9.7726997667352906e-1084 r 3.7995293463407205e+23824
t: 25 r1 2.4074302065770915e+2076 r2 9.7726997667352906e-1084 r 8.0887036347232553e+24817
t: 26 r1 5.4292030987050123e+2075 r2 9.7726957040737923e-1084 r 3.7862631031185234e+25810
t: 27 r1 1.4227030009434495e+2076 r2 9.7721888761268007e-1084 r 4.9949159613741468e+26803
t: 28 r1 1.2862555968934358e+2076 r2 9.7721888761268007e-1084 r 1.7046090569063896e+27796
t: 29 r1 7.8176745762100124e+2075 r2 9.7721888761268007e-1084 r 9.0966430467765215e+28788
t: 30 r1 9.3122915472774168e+2075 r2 9.7721888761268007e-1084 r 1.1511099483612611e+29781
t: 31 r1 7.8389292767188869e+2075 r2 9.7722945768961135e-1084 r 7.3567765620773016e+30773
t: 32 r1 2.0809937676393626e+2075 r2 9.7722945768961135e-1084 r 7.8217311303271538e+31765
t: 33 r1 3.3297048787728811e+2076 r2 9.7722945768961135e-1084 r 4.9366118043827861e+32758
t: 34 r1 2.8068819418936714e+2076 r2 9.7722945768961135e-1084 r 4.5512001519454800e+33751
t: 35 r1 2.9792557517681363e+2076 r2 9.7728061131600243e-1084 r 1.1828461265216438e+34745
t: 36 r1 3.7895277797141019e+2076 r2 9.7741143678594060e-1084 r 2.1309826598014643e+35738
t: 37 r1 1.2100703944493375e+2076 r2 9.7741143678594060e-1084 r 9.8191328256199475e+36730
t: 38 r1 2.9578924812791054e+2076 r2 9.7744933573649452e-1084 r 2.4734131888113199e+37724
t: 39 r1 6.6053011518683470e+2075 r2 9.7736590315396400e-1084 r 8.0743223487955675e+38716
t: 40 r1 1.3482638289310697e+2076 r2 9.7736590315396400e-1084 r 3.6269109955145930e+39709
t: 41 r1 3.5694327844182342e+2075 r2 9.7731015839263462e-1084 r 6.3258585024342412e+40701
t: 42 r1 7.6522775404915523e+2076 r2 9.7731015839263462e-1084 r 1.3231320735788230e+41695
t: 43 r1 1.9148682114279539e+2076 r2 9.7716549944302734e-1084 r 2.4313775285373133e+42688
t: 44 r1 3.5721008969547581e+2076 r2 9.7716549944302734e-1084 r 8.1258821326919570e+43681
t: 45 r1 7.4048423474044664e+2075 r2 9.7716549944302734e-1084 r 1.7174098069467385e+44674
t: 46 r1 7.7472976736435523e+2075 r2 9.7713818910720859e-1084 r 3.7742440943801974e+45666
t: 47 r1 6.3566245036283693e+2075 r2 9.7718089977242622e-1084 r 3.9201122186447135e+46658
t: 48 r1 2.6356369807624045e+2076 r2 9.7715103484348223e-1084 r 1.7592827202100832e+47651
t: 49 r1 1.2988658524275363e+2076 r2 9.7715103484348223e-1084 r 1.4056792350872208e+48644
t: 50 r1 2.0125972233270872e+2075 r2 9.7715103484348223e-1084 r 9.8586152282882326e+49635
t: 51 r1 1.9219203275326062e+2076 r2 9.7715103484348223e-1084 r 8.2873358774491333e+50628
t: 52 r1 9.6273398298595772e+2075 r2 9.7726827135700856e-1084 r 1.6671717736797847e+51619
t: 53 r1 4.0260608200658155e+2075 r2 9.7726827135700856e-1084 r 6.2877045786882730e+52611
t: 54 r1 1.0523762948282992e+2076 r2 9.7726827135700856e-1084 r 1.2399041324740550e+53604
t: 55 r1 1.9411771067978601e+2076 r2 9.7746323156350260e-1084 r 1.8227403351334780e+54597
t: 56 r1 4.0263450010793730e+2075 r2 9.7751319788416598e-1084 r 1.3308837107296068e+55589
t: 57 r1 8.9530107584243856e+2075 r2 9.7745161071873545e-1084 r 9.0071611578664564e+56581
t: 58 r1 3.0510291890433938e+2076 r2 9.7745161071873545e-1084 r 1.9375172924512295e+57575
t: 59 r1 3.3055652156675246e+2076 r2 9.7745161071873545e-1084 r 5.3953977312826193e+58568
t: 60 r1 9.8558733468451579e+2075 r2 9.7745161071873545e-1084 r 4.7462019129904142e+59561
t: 61 r1 3.3257289252761117e+2075 r2 9.7745161071873545e-1084 r 5.3866059831870192e+60553
t: 62 r1 1.4446614017235194e+2076 r2 9.7705314959437585e-1084 r 1.6909445290001213e+61546
t: 63 r1 1.7367969865486577e+2076 r2 9.7698061692334842e-1084 r 2.0047144166515008e+62539
t: 64 r1 1.9411450168666164e+2076 r2 9.7698129145470423e-1084 r 1.8361474446793972e+63532
t: 65 r1 1.0244063950521446e+2075 r2 9.7698536866019891e-1084 r 9.5212999089885521e+64523
t: 66 r1 1.2760887552376458e+2076 r2 9.7698536866019891e-1084 r 1.0326776870193468e+65517
t: 67 r1 5.5963920527600750e+2075 r2 9.7698536866019891e-1084 r 2.1205362581845748e+66509
t: 68 r1 1.4310780447383047e+2076 r2 9.7698536866019891e-1084 r 1.5761743491915320e+67502
t: 69 r1 2.0658054142057761e+2076 r2 9.7698536866019891e-1084 r 5.0650863312234890e+68494
t: 70 r1 1.4405917511896553e+2076 r2 9.7698536866019891e-1084 r 5.1108374348017660e+69487
t: 71 r1 5.9634837038553700e+2075 r2 9.7699171594871725e-1084 r 2.4244050856780342e+70479
t: 72 r1 1.4045358110366896e+2075 r2 9.7700149325006694e-1084 r 1.7564335516490042e+71471
t: 73 r1 1.1427742372301224e+2076 r2 9.7698278544406773e-1084 r 5.9521217394200892e+72463
t: 74 r1 4.4619331020935438e+2075 r2 9.7697303116738867e-1084 r 2.5430934967513863e+73456
t: 75 r1 1.3888377649607751e+2075 r2 9.7693206641077871e-1084 r 1.3020289677648887e+74448
t: 76 r1 6.0384660104947510e+2075 r2 9.7693206641077871e-1084 r 1.6218348386582782e+75440
t: 77 r1 9.6999364406593342e+2075 r2 9.7693206641077871e-1084 r 2.5128280187902994e+76432
t: 78 r1 8.4727021310335142e+2075 r2 9.7693206641077871e-1084 r 1.3034797677429169e+77425
t: 79 r1 1.6407173382758641e+2076 r2 9.7693206641077871e-1084 r 8.8254888413735953e+78417
t: 80 r1 1.7056656733374593e+2076 r2 9.7687932156971026e-1084 r 8.4602732593476888e+79410
t: 81 r1 1.0455569812183487e+2076 r2 9.7687932156971026e-1084 r 5.4384929798160534e+80403
t: 82 r1 2.5888609904666526e+2076 r2 9.7687932156971026e-1084 r 5.1331123818465887e+81396
t: 83 r1 9.8128636193402357e+2074 r2 9.7683698452151362e-1084 r 4.4579802860043264e+82388
t: 84 r1 1.3255098169453970e+2076 r2 9.7679107670741847e-1084 r 1.0277057204235365e+83381
t: 85 r1 2.8448519963500046e+2076 r2 9.7679107670741847e-1084 r 1.1725569666705997e+84374
t: 86 r1 2.0716988912504571e+2076 r2 9.7679107670741847e-1084 r 1.9671634623314643e+85367
t: 87 r1 9.3117837342296325e+2075 r2 9.7679107670741847e-1084 r 3.0547260471141317e+86359
t: 88 r1 2.7177645824896385e+2075 r2 9.7679107670741847e-1084 r 5.3454352617848867e+87351
t: 89 r1 2.0021415426855775e+2076 r2 9.7673578779080305e-1084 r 4.4908261145638862e+88344
t: 90 r1 3.5872819414191204e+2075 r2 9.7672662346434653e-1084 r 1.3829838772225503e+89337
t: 91 r1 4.2860455847585628e+2075 r2 9.7672662346434653e-1084 r 3.4774770709617576e+90328
t: 92 r1 4.8019978442588283e+2076 r2 9.7672662346434653e-1084 r 9.6984591838958522e+91321
t: 93 r1 1.0977412152088325e+2076 r2 9.7672662346434653e-1084 r 9.2415922630755972e+92314
t: 94 r1 6.1560121194123148e+2075 r2 9.7672311624454740e-1084 r 2.9061167324357069e+93307
t: 95 r1 1.2345643058419502e+2076 r2 9.7672311624454740e-1084 r 4.7082785523415780e+94299
t: 96 r1 4.2334415928713653e+2075 r2 9.7671222275248612e-1084 r 1.6458909336115393e+95291
t: 97 r1 2.2443450771985819e+2075 r2 9.7671370181730917e-1084 r 1.1802607195139968e+96283
t: 98 r1 5.0085330760945614e+2075 r2 9.7671370181730917e-1084 r 2.3925391425687780e+97275
t: 99 r1 6.6043773679240732e+2075 r2 9.7671370181730917e-1084 r 8.6293574955471873e+98267
t: 100 r1 2.7086752480814946e+2075 r2 9.7671370181730917e-1084 r 1.4526209273220604e+99260
t: 101 r1 3.1494198208803188e+2075 r2 9.7682963673190931e-1084 r 3.1037580161360915e+100251
t: 102 r1 8.8744810430621250e+2075 r2 9.7682963673190931e-1084 r 3.8992158598357871e+101243
t: 103 r1 2.4975682474400798e+2075 r2 9.7681516216664884e-1084 r 3.5038893703010979e+102235
t: 104 r1 1.0117457518447694e+2076 r2 9.7681516216664884e-1084 r 9.4299128931606606e+103227
t: 105 r1 5.4528965864183670e+2075 r2 9.7681516216664884e-1084 r 3.6961795724049221e+104219
t: 106 r1 2.3046112837288941e+2076 r2 9.7676223464017395e-1084 r 6.0877637417837876e+105212
t: 107 r1 3.4854357407871178e+2076 r2 9.7676223464017395e-1084 r 8.2843211186638306e+106205
t: 108 r1 9.3664248193137258e+2075 r2 9.7676223464017395e-1084 r 6.6321376938790489e+107198
t: 109 r1 2.8225425540125201e+2076 r2 9.7676223464017395e-1084 r 2.5942442123187384e+108191
t: 110 r1 1.2980054676977085e+2076 r2 9.7676223464017395e-1084 r 2.8616118035596002e+109184
t: 111 r1 2.1513188984767216e+2076 r2 9.7676432470357835e-1084 r 2.6786334023590350e+110177
t: 112 r1 8.0806343945264637e+2075 r2 9.7676811695652682e-1084 r 7.6490783099394695e+111169
t: 113 r1 3.2023085283426283e+2076 r2 9.7676602816170177e-1084 r 4.1451372229875402e+112162
t: 114 r1 8.8295173943016630e+2075 r2 9.7676884049315582e-1084 r 1.0040244861777371e+113154
t: 115 r1 7.6319764428967954e+2075 r2 9.7676884049315582e-1084 r 6.4639801824137675e+114145
t: 116 r1 7.4180142388605155e+2075 r2 9.7676884049315582e-1084 r 4.1171339904176144e+115137
t: 117 r1 2.4901292011521597e+2076 r2 9.7674406006049484e-1084 r 6.8837258300930243e+116129
t: 118 r1 2.3281375174011901e+2075 r2 9.7673923720973325e-1084 r 5.3246853418076824e+117121
t: 119 r1 1.6684692640666421e+2076 r2 9.7673923720973325e-1084 r 6.8524913333640054e+118114
t: 120 r1 4.8368133932640700e+2075 r2 9.7673775249782157e-1084 r 2.1496570470256353e+119107
t: 121 r1 2.6306710816442900e+2076 r2 9.7673775249782157e-1084 r 4.0147659820957048e+120100
t: 122 r1 6.0857537236741111e+2075 r2 9.7673775249782157e-1084 r 1.2322754485755439e+121093
t: 123 r1 3.2352000548510394e+2075 r2 9.7663202978818656e-1084 r 1.3522479552405072e+122085
t: 124 r1 2.1340782424548178e+2075 r2 9.7663202978818656e-1084 r 6.3413853153137729e+123076
t: 125 r1 1.0382525859363042e+2076 r2 9.7658839109986197e-1084 r 4.6934595509333751e+124069
t: 126 r1 1.6922810012935986e+2075 r2 9.7658839109986197e-1084 r 6.4528070743505467e+125061
t: 127 r1 6.7368705499984922e+2075 r2 9.7658839109986197e-1084 r 3.6845011911858914e+126054
t: 128 r1 2.3049088836567790e+2076 r2 9.7660956233866449e-1084 r 3.0052007253418570e+127047
t: 129 r1 1.2005408233027890e+2076 r2 9.7660956233866449e-1084 r 1.0411079957402396e+128040
t: 130 r1 3.3140616903159555e+2076 r2 9.7660956233866449e-1084 r 6.7643261222383554e+129032
t: 131 r1 1.3423876757640713e+2076 r2 9.7654458070609255e-1084 r 8.0662696668705051e+130024
t: 132 r1 1.9729628016997107e+2075 r2 9.7654458070609255e-1084 r 6.2449568248671448e+131016
t: 133 r1 5.5226808722091888e+2076 r2 9.7654535304700212e-1084 r 3.0893150463423375e+132010
t: 134 r1 1.4656446805058751e+2076 r2 9.7657933312245448e-1084 r 3.9095370328401206e+133003
t: 135 r1 5.4297492835343248e+2074 r2 9.7659674209604213e-1084 r 1.2743424671053705e+133995
t: 136 r1 5.3678423989810886e+2076 r2 9.7659674209604213e-1084 r 2.2705819945214485e+134988
t: 137 r1 3.0986815094594690e+2076 r2 9.7659674209604213e-1084 r 6.8465410836650818e+135981
t: 138 r1 4.9462127988820817e+2076 r2 9.7659674209604213e-1084 r 2.0387874476205698e+136975
t: 139 r1 9.6672427133725369e+2075 r2 9.7659674209604213e-1084 r 9.1744757250548989e+137967
t: 140 r1 3.6054651861790404e+2076 r2 9.7659573399288614e-1084 r 1.2493593246627524e+138961
t: 141 r1 4.0775072459722939e+2075 r2 9.7655881196791291e-1084 r 6.0380753360666036e+139952
t: 142 r1 2.0766293157537879e+2076 r2 9.7655881196791291e-1084 r 2.0333880704960166e+140945
t: 143 r1 3.2264549056482482e+2075 r2 9.7655881196791291e-1084 r 1.4313272300145050e+141937
t: 144 r1 1.2836413211566194e+2076 r2 9.7656380308236006e-1084 r 1.6289669403971199e+142930
t: 145 r1 6.2025428304167447e+2075 r2 9.7653382012322391e-1084 r 9.4924684487043146e+143922
t: 146 r1 1.4560076012147104e+2076 r2 9.7653577076878536e-1084 r 1.0551224161270538e+144915
t: 147 r1 2.1647543961316105e+2076 r2 9.7653992794863708e-1084 r 8.9482222786455227e+145907
t: 148 r1 1.8494742909291135e+2075 r2 9.7653992794863708e-1084 r 8.1245559096960921e+146899
t: 149 r1 1.1416836111197810e+2076 r2 9.7649926122892404e-1084 r 5.7244046367622858e+147892
t: 150 r1 7.8390147355632928e+2075 r2 9.7649926122892404e-1084 r 2.0920115401663638e+148885
t: 151 r1 9.3887251334666484e+2075 r2 9.7649926122892404e-1084 r 1.2286370446065274e+149878
t: 152 r1 4.4987074060558193e+2075 r2 9.7653416233207976e-1084 r 4.1242679459276389e+150870
t: 153 r1 4.1041447040895248e+2075 r2 9.7653416233207976e-1084 r 1.6145815170839682e+151863
t: 154 r1 2.9661813320880875e+2075 r2 9.7663177864072108e-1084 r 8.9701924220146220e+152854
t: 155 r1 7.4382042909107185e+2075 r2 9.7663177864072108e-1084 r 2.3361440607707602e+153846
t: 156 r1 1.5977835248732443e+2076 r2 9.7686282526066247e-1084 r 8.3008114517207559e+154837
t: 157 r1 2.0241219423607249e+2076 r2 9.7686435529676323e-1084 r 1.4585527108282473e+155831
t: 158 r1 7.5754880770363312e+2075 r2 9.7686363447818176e-1084 r 2.5049549567662355e+156823
t: 159 r1 2.2756228972798128e+2076 r2 9.7686304418050136e-1084 r 3.3688592788505559e+157816
t: 160 r1 1.0697696977853711e+2076 r2 9.7686304418050136e-1084 r 7.1642262660075955e+158808
t: 161 r1 4.1257415835035076e+2076 r2 9.7686363447818176e-1084 r 1.8714946351071175e+159802
t: 162 r1 1.6383796002295449e+2076 r2 9.7686363447818176e-1084 r 3.5094814685848012e+160794
t: 163 r1 1.2609256598613286e+2076 r2 9.7682964084088253e-1084 r 2.3147288043464553e+161787
t: 164 r1 8.4099719587213860e+2075 r2 9.7682964084088253e-1084 r 4.8139508251292032e+162778
t: 165 r1 5.7068982201917640e+2075 r2 9.7683037440365435e-1084 r 1.8522977606861855e+163770
t: 166 r1 4.3437607266870626e+2075 r2 9.7682147759221495e-1084 r 4.5667404116752214e+164762
t: 167 r1 5.5728589463074220e+2075 r2 9.7682340514087209e-1084 r 9.9221856690559046e+165754
t: 168 r1 6.9787548627728970e+2075 r2 9.7682340514087209e-1084 r 3.6335829441910249e+166747
t: 169 r1 2.3612554278062597e+2075 r2 9.7682340514087209e-1084 r 7.8985184075639001e+167739
t: 170 r1 3.8201327826233873e+2075 r2 9.7699773869986464e-1084 r 1.6886046387019116e+168732
t: 171 r1 5.0516278212900549e+2075 r2 9.7699773869986464e-1084 r 3.6489368621349850e+169724
t: 172 r1 1.8614904485087777e+2075 r2 9.7699773869986464e-1084 r 2.5666576681163878e+170716
t: 173 r1 3.8948536317950614e+2075 r2 9.7699773869986464e-1084 r 8.1541129466649549e+171708
t: 174 r1 3.5953399876800198e+2076 r2 9.7697870107933078e-1084 r 1.4927120855280485e+172702
t: 175 r1 6.6439241618204164e+2075 r2 9.7697944056338438e-1084 r 9.6675166334330934e+173694
t: 176 r1 1.8071270062461191e+2076 r2 9.7697944056338438e-1084 r 1.3739371398252833e+174688
t: 177 r1 2.7412022591936716e+2075 r2 9.7680449706155985e-1084 r 3.4169376191986222e+175680
t: 178 r1 3.9956026766437362e+2075 r2 9.7680449706155985e-1084 r 4.5437022234990669e+176672
t: 179 r1 8.4083633788430909e+2075 r2 9.7680449706155985e-1084 r 8.7040217666247269e+177664
t: 180 r1 1.2430788415310980e+2076 r2 9.7680449706155985e-1084 r 2.0799755997675336e+178657
t: 181 r1 1.0396286109072200e+2075 r2 9.7657429772368350e-1084 r 1.4685186738167965e+179649
t: 182 r1 3.0495423487054894e+2076 r2 9.7654680525713702e-1084 r 2.7660025469142300e+180642
t: 183 r1 2.1479816656811523e+2076 r2 9.7649550218215576e-1084 r 1.4882891783368528e+181635
t: 184 r1 7.3748921264787448e+2075 r2 9.7649550218215576e-1084 r 8.8149750979017390e+182627
t: 185 r1 3.2559156671231983e+2076 r2 9.7649550218215576e-1084 r 9.9341550076393433e+183620
t: 186 r1 9.6927615243142670e+2075 r2 9.7649550218215576e-1084 r 2.8889285587786476e+184613
t: 187 r1 2.3580405892805993e+2075 r2 9.7653745715680095e-1084 r 1.8476100861872944e+185605
t: 188 r1 8.2150464134930556e+2075 r2 9.7653745715680095e-1084 r 2.0762604763978674e+186597
t: 189 r1 4.0787904506548262e+2075 r2 9.7659966476036761e-1084 r 4.8938691980380275e+187589
t: 190 r1 1.1367353077840220e+2076 r2 9.7660444913703968e-1084 r 1.9787119331714299e+188582
t: 191 r1 4.5711924857900477e+2076 r2 9.7660444913703968e-1084 r 3.8725291548817717e+189575
t: 192 r1 5.4934045780091972e+2076 r2 9.7660444913703968e-1084 r 6.4126989818653834e+190568
t: 193 r1 9.7083943618897491e+2076 r2 9.7660444913703968e-1084 r 4.9217417032082283e+191562
t: 194 r1 2.3012665274209699e+2076 r2 9.7659539199200779e-1084 r 9.4504885198979487e+192555
t: 195 r1 3.0257466921439370e+2075 r2 9.7659539199200779e-1084 r 2.5799549849574809e+193548
t: 196 r1 7.0279333739689015e+2075 r2 9.7659541915904959e-1084 r 1.1205428323838398e+194541
t: 197 r1 6.0289725095001978e+2075 r2 9.7684757341724343e-1084 r 3.6836463843673205e+195533
t: 198 r1 1.5507716458162958e+2076 r2 9.7680259498467396e-1084 r 1.2851654958444485e+196526
t: 199 r1 2.4680967781920911e+2076 r2 9.7659896116263109e-1084 r 1.4960862354494279e+197519
t: 200 r1 7.5412338777974248e+2075 r2 9.7659896116263109e-1084 r 3.2857211409597509e+198511
t: 201 r1 3.0315164708608386e+2076 r2 9.7659956732225525e-1084 r 8.0704222508643365e+199504
t: 202 r1 2.7871776543442749e+2076 r2 9.7659956732225525e-1084 r 1.8590062353560406e+200498
t: 203 r1 3.8112175840290135e+2076 r2 9.7659643220645895e-1084 r 4.9228095927632329e+201491
t: 204 r1 4.4432237367208046e+2075 r2 9.7659643220645895e-1084 r 7.5441576477676476e+202483
t: 205 r1 7.3952794885339219e+2075 r2 9.7659643220645895e-1084 r 1.3310358351044941e+203476
t: 206 r1 2.5657667842460817e+2075 r2 9.7659643220645895e-1084 r 3.0566948382780084e+204468
t: 207 r1 5.1903139042753677e+2075 r2 9.7663344170114734e-1084 r 9.5541382265530536e+205460
t: 208 r1 2.3496308818697155e+2075 r2 9.7685235325031903e-1084 r 1.4114980683501629e+206453
t: 209 r1 1.2229961626860877e+2076 r2 9.7685152052689398e-1084 r 7.9350990050486848e+207445
t: 210 r1 7.7759939844591054e+2075 r2 9.7685152052689398e-1084 r 9.8430911390419346e+208437
t: 211 r1 1.7743964141437060e+2076 r2 9.7685152052689398e-1084 r 1.5023704213305874e+209431
t: 212 r1 1.1477536288116228e+2076 r2 9.7684980755748910e-1084 r 2.6017605494532480e+210423
t: 213 r1 1.6824204896297857e+2076 r2 9.7684980755748910e-1084 r 7.1744309165825548e+211415
t: 214 r1 3.3319895218448689e+2076 r2 9.7684951052638145e-1084 r 4.9260070122829075e+212408
t: 215 r1 7.8272726378841610e+2075 r2 9.7684951052638145e-1084 r 2.7680264575566797e+213401
t: 216 r1 4.5794254851969463e+2075 r2 9.7684951052638145e-1084 r 6.0150623345957221e+214393
t: 217 r1 1.5205013314109518e+2076 r2 9.7667301254759107e-1084 r 5.7305629516378930e+215386
t: 218 r1 1.6283638273904269e+2076 r2 9.7667301254759107e-1084 r 1.3294861679131730e+216379
t: 219 r1 1.4770723287081548e+2076 r2 9.7665001573502014e-1084 r 1.4904904614554031e+217372
t: 220 r1 1.4349677274336380e+2076 r2 9.7665001573502014e-1084 r 1.5730870937482575e+218364
t: 221 r1 1.6552761853460030e+2075 r2 9.7669216051241961e-1084 r 1.9170532357088016e+219356
t: 222 r1 2.1140607673661239e+2076 r2 9.7683167989766089e-1084 r 2.4418700243597601e+220349
t: 223 r1 1.4895811079019232e+2076 r2 9.7713461115842406e-1084 r 1.6063839266074523e+221342
t: 224 r1 8.9406410761805589e+2075 r2 9.7713461115842406e-1084 r 2.8970871645438450e+222334
t: 225 r1 4.6544133649071817e+2075 r2 9.7713461115842406e-1084 r 9.8015428341246980e+223326
t: 226 r1 2.3374531909595599e+2076 r2 9.7713461115842406e-1084 r 8.2399933160051826e+224319
t: 227 r1 5.6163395552010928e+2076 r2 9.7713461115842406e-1084 r 7.9266442398140681e+225312
t: 228 r1 2.0492482342910044e+2076 r2 9.7713481292085160e-1084 r 1.1677913659669319e+226306
t: 229 r1 2.2713708369578238e+2076 r2 9.7683738684424580e-1084 r 8.1251202824935086e+227298
t: 230 r1 1.5742226007673589e+2076 r2 9.7683738684424580e-1084 r 8.4326025172696899e+228291
t: 231 r1 2.4753037898488537e+2076 r2 9.7683738684424580e-1084 r 1.2068696673075118e+229285
t: 232 r1 2.7139711112612661e+2076 r2 9.7678565361803646e-1084 r 1.1117449824223298e+230278
t: 233 r1 1.2147354118218641e+2076 r2 9.7681001708987724e-1084 r 9.6098686263791213e+231269
t: 234 r1 2.0146982416626040e+2076 r2 9.7681001708987724e-1084 r 5.5625534062473088e+232262
t: 235 r1 3.0823908288647169e+2075 r2 9.7669921195532498e-1084 r 5.2522807709251840e+233254
t: 236 r1 2.6337462882383660e+2076 r2 9.7669921195532498e-1084 r 1.1747762713419916e+234247
t: 237 r1 8.9937559504013559e+2075 r2 9.7669921195532498e-1084 r 3.4826681547182954e+235239
t: 238 r1 2.6954445744403287e+2076 r2 9.7669921195532498e-1084 r 7.0704944276970780e+236232
t: 239 r1 1.4743103750746690e+2076 r2 9.7669958390969461e-1084 r 8.3911394120681718e+237225
t: 240 r1 9.6989772367249802e+2075 r2 9.7674017565342390e-1084 r 3.4638712620366612e+238218
t: 241 r1 1.4908672295533676e+2076 r2 9.7676673995510835e-1084 r 3.1817783468298482e+239211
t: 242 r1 3.0744125696278810e+2076 r2 9.7676673995510835e-1084 r 7.5285284212983543e+240204
t: 243 r1 2.6865444390097019e+2075 r2 9.7676704699444359e-1084 r 1.7027045931211998e+241197
t: 244 r1 8.4539223114881499e+2075 r2 9.7680924724036424e-1084 r 9.9177648443036303e+242189
t: 245 r1 2.5117607843398896e+2076 r2 9.7680957512725478e-1084 r 1.2938152379093867e+243182
t: 246 r1 3.1164113225407558e+2075 r2 9.7680957512725478e-1084 r 2.5469220781165328e+244174
t: 247 r1 2.2317151683242907e+2076 r2 9.7680957512725478e-1084 r 2.3642068013660957e+245166
t: 248 r1 1.2847979689985372e+2076 r2 9.7680957512725478e-1084 r 1.3697029444499747e+246159
t: 249 r1 2.2468519538824665e+2076 r2 9.7680957512725478e-1084 r 2.7482603656752513e+247152
t: 250 r1 4.7948249422823532e+2075 r2 9.7680957512725478e-1084 r 1.2381776854579463e+248145
t: 251 r1 1.4012563394151042e+2076 r2 9.7744041709080870e-1084 r 1.1654489002784472e+249138
t: 252 r1 1.6598751420766560e+2076 r2 9.7744041709080870e-1084 r 2.2088849013931329e+250130
t: 253 r1 1.1826291283777944e+2076 r2 9.7675909393008456e-1084 r 2.4964824791069893e+251123
t: 254 r1 8.3750144452134102e+2075 r2 9.7672967876772417e-1084 r 1.8470240460330057e+252116
t: 255 r1 2.1930313714804745e+2075 r2 9.7706332359489487e-1084 r 1.1102800292381465e+253108
t: 256 r1 4.4479615241265888e+2075 r2 9.7706332359489487e-1084 r 4.0984235010458677e+254100
t: 257 r1 1.9329353379748078e+2076 r2 9.7682789161281408e-1084 r 5.2578615800878062e+255093
t: 258 r1 1.3776172199923165e+2076 r2 9.7680973816843820e-1084 r 5.3306513067355962e+256086
t: 259 r1 2.5924940565631822e+2075 r2 9.7680973816843820e-1084 r 1.0034219351056795e+257079
t: 260 r1 3.2949407356909762e+2075 r2 9.7675210444823935e-1084 r 4.4522467397433682e+258070
t: 261 r1 4.8494212185693505e+2075 r2 9.7675210444823935e-1084 r 1.8147457901592795e+259063
t: 262 r1 2.2819884645946982e+2076 r2 9.7676693413191803e-1084 r 2.3843785451980987e+260056
t: 263 r1 6.6752071890611974e+2075 r2 9.7676586821959064e-1084 r 1.3046704570448771e+261049
t: 264 r1 2.8089029162586442e+2076 r2 9.7676586821959064e-1084 r 2.7808404027289058e+262042
t: 265 r1 2.3458849002494509e+2076 r2 9.7677774969795115e-1084 r 4.5429369303322148e+263035
t: 266 r1 3.9435051972666816e+2075 r2 9.7682515235253420e-1084 r 1.0107872135428668e+264028
t: 267 r1 1.0067120744115624e+2076 r2 9.7682546330598410e-1084 r 1.6092576267911644e+265020
t: 268 r1 1.1836220722864427e+2076 r2 9.7682546330598410e-1084 r 4.9066018215642359e+266012
t: 269 r1 3.7017061873526579e+2076 r2 9.7682546330598410e-1084 r 1.6066384164292092e+267006
t: 270 r1 2.3526904330583969e+2075 r2 9.7683166244680999e-1084 r 1.6916491615329790e+267997
t: 271 r1 9.2213975904024567e+2075 r2 9.7683166244680999e-1084 r 1.1902253714735032e+268990
t: 272 r1 1.1425398435899812e+2076 r2 9.7683857223023326e-1084 r 1.2790627403174550e+269983
t: 273 r1 1.3169352554432316e+2076 r2 9.7683857223023326e-1084 r 2.2210918524766879e+270975
t: 274 r1 8.1644855557147597e+2075 r2 9.7683857223023326e-1084 r 9.0622007198361531e+271967
t: 275 r1 6.9982391035901480e+2075 r2 9.7680526528302569e-1084 r 5.9695444863255375e+272960
t: 276 r1 3.0624230756454034e+2076 r2 9.7675700260298531e-1084 r 1.3425405562011779e+273954
t: 277 r1 3.2891940494060895e+2076 r2 9.7675700260298531e-1084 r 9.6865352379570114e+274946
t: 278 r1 2.8532304378053158e+2076 r2 9.7675584162966807e-1084 r 2.3024038609320933e+275940
t: 279 r1 4.5169613355726836e+2075 r2 9.7675576436805178e-1084 r 1.0068181722619423e+276933
t: 280 r1 1.4479489689660822e+2076 r2 9.7675576436805178e-1084 r 5.6921450623760184e+277925
t: 281 r1 3.4939763153768506e+2075 r2 9.7675576436805178e-1084 r 3.1706337482926081e+278917
t: 282 r1 1.0807392007984615e+2076 r2 9.7675576436805178e-1084 r 1.4241581230469274e+279910
t: 283 r1 1.7711415904711915e+2076 r2 9.7675576436805178e-1084 r 1.7381759129626643e+280903
t: 284 r1 7.0790573278798771e+2075 r2 9.7675576436805178e-1084 r 2.5588099675313702e+281895
t: 285 r1 2.8330432653931394e+2076 r2 9.7675576436805178e-1084 r 2.3984525861648939e+282888
t: 286 r1 2.1202178499927905e+2076 r2 9.7669055603412062e-1084 r 2.0875758427306223e+283881
t: 287 r1 2.3842218722108953e+2076 r2 9.7669055603412062e-1084 r 1.2684247056914795e+284873
t: 288 r1 1.2482105649768269e+2076 r2 9.7669055603412062e-1084 r 4.3585068888860611e+285865
t: 289 r1 9.4002456876933649e+2075 r2 9.7669099301634661e-1084 r 1.5676335157048461e+286858
t: 290 r1 5.8286151592435307e+2075 r2 9.7670003710692740e-1084 r 1.5138211201324110e+287850
t: 291 r1 1.4559676906964027e+2076 r2 9.7670003710692740e-1084 r 1.9510100968670103e+288843
t: 292 r1 1.5215241467635480e+2076 r2 9.7670003710692740e-1084 r 7.0739316797770441e+289835
t: 293 r1 4.9255452049145328e+2075 r2 9.7728957926836559e-1084 r 1.5134892705495553e+290828
t: 294 r1 1.3007643346913261e+2076 r2 9.7671182150112851e-1084 r 1.8431717825943130e+291821
t: 295 r1 4.8080575212300907e+2075 r2 9.7667500661797762e-1084 r 3.8545320236581533e+292812
t: 296 r1 1.4210112040818800e+2076 r2 9.7667500661797762e-1084 r 3.8982292992883361e+293805
t: 297 r1 6.8570703408536311e+2075 r2 9.7667500661797762e-1084 r 8.0442186372291079e+294797
t: 298 r1 3.4811509052169752e+2075 r2 9.7667344967191124e-1084 r 2.4662747105214682e+295790
t: 299 r1 3.3360915878063338e+2077 r2 9.7667635735070196e-1084 r 5.8793049472341183e+296784
t: 300 r1 5.4629626999635519e+2075 r2 9.7667635735070196e-1084 r 1.0299017898751709e+297776
t: 301 r1 3.1201367297477117e+2076 r2 9.7677454532870656e-1084 r 2.8815945944295086e+298768
t: 302 r1 1.7667128671788836e+2076 r2 9.7677454532870656e-1084 r 4.0015751923179036e+299761
t: 303 r1 9.1434211626924238e+2075 r2 9.7677262886553843e-1084 r 9.7301356965160758e+300752
t: 304 r1 8.7855736555426396e+2075 r2 9.7677262886553843e-1084 r 1.3958691781831214e+301745
t: 305 r1 7.1927444735973381e+2075 r2 9.7673838541025081e-1084 r 9.7738348268190693e+302737
t: 306 r1 1.1239240995107532e+2076 r2 9.7673838541025081e-1084 r 6.9333599595766296e+303729
t: 307 r1 6.1547621984042993e+2075 r2 9.7673838541025081e-1084 r 2.3078111899823666e+304722
t: 308 r1 3.6553292158986418e+2075 r2 9.7683130916317784e-1084 r 6.0089362307280053e+305714
t: 309 r1 2.8007511726637824e+2076 r2 9.7683130916317784e-1084 r 1.0859108066649243e+306708
t: 310 r1 9.3967162847441619e+2075 r2 9.7683130916317784e-1084 r 4.3785294035759642e+307700
t: 311 r1 9.7050923930240106e+2075 r2 9.7687212176619667e-1084 r 2.6126696800966368e+308693
t: 312 r1 1.4821654092641766e+2076 r2 9.7687192716454962e-1084 r 1.5932594446588581e+309686
t: 313 r1 9.4370787508605179e+2075 r2 9.7687192716454962e-1084 r 6.9978143143527968e+310678
t: 314 r1 8.0987096666166338e+2075 r2 9.7687192716454962e-1084 r 1.1101019662814097e+311671
t: 315 r1 3.2895716791401069e+2075 r2 9.7684286101461851e-1084 r 1.8450200264573424e+312663
t: 316 r1 7.1400995278689404e+2075 r2 9.7684286101461851e-1084 r 1.1265771717740958e+313656
t: 317 r1 2.1022910670825387e+2076 r2 9.7684286101461851e-1084 r 2.2457180907543935e+314649
t: 318 r1 1.5543056666699494e+2076 r2 9.7684286101461851e-1084 r 1.9607812893611983e+315642
t: 319 r1 5.0380678356122546e+2075 r2 9.7688456324737482e-1084 r 2.2111744351322701e+316634
t: 320 r1 7.9867280555351226e+2075 r2 9.7677905891933129e-1084 r 2.2132039102002344e+317626
t: 321 r1 1.0813669526049863e+2076 r2 9.7677905891933129e-1084 r 1.9727163309208348e+318619
t: 322 r1 5.9864526224474077e+2075 r2 9.7677905891933129e-1084 r 1.0672988900681279e+319612
t: 323 r1 4.6249676686351350e+2076 r2 9.7674359556593409e-1084 r 3.6194987939076324e+320605
t: 324 r1 1.0131458136884906e+2076 r2 9.7674359556593409e-1084 r 1.4527918721373788e+321598
t: 325 r1 3.3393122605619429e+2075 r2 9.7674359556593409e-1084 r 1.5797263908969254e+322590
t: 326 r1 1.1442432425955763e+2076 r2 9.7674514675067537e-1084 r 1.0880785304049221e+323583
t: 327 r1 1.6825275297836312e+2076 r2 9.7674514675067537e-1084 r 1.7649548991671056e+324576
t: 328 r1 6.9151370273847206e+2076 r2 9.7674514675067537e-1084 r 2.2841657443891378e+325569
t: 329 r1 1.7246625031248253e+2075 r2 9.7674514675067537e-1084 r 3.2343397774120709e+326561
t: 330 r1 1.1241890118022886e+2076 r2 9.7674514675067537e-1084 r 4.9300989377429574e+327552
t: 331 r1 8.1543317190156072e+2076 r2 9.7674275548764337e-1084 r 1.8355902289308022e+328546
t: 332 r1 4.2720657130785124e+2075 r2 9.7674275548764337e-1084 r 2.9331142595420308e+329538
t: 333 r1 1.5541258684129077e+2076 r2 9.7673778422331290e-1084 r 1.0130622479993767e+330531
t: 334 r1 3.2738808416452535e+2076 r2 9.7673778422331290e-1084 r 1.7293920383554978e+331523
t: 335 r1 2.1789863164461654e+2076 r2 9.7660284359820443e-1084 r 5.2843967839383764e+332515
t: 336 r1 1.1510710423776225e+2076 r2 9.7660284359820443e-1084 r 9.4750907300560551e+333506
t: 337 r1 4.0550333482271865e+2075 r2 9.7652885886614967e-1084 r 1.4987170183092899e+334499
t: 338 r1 1.1563085406130160e+2076 r2 9.7652885886614967e-1084 r 7.5622413461285051e+335491
t: 339 r1 1.0162803943140603e+2076 r2 9.7652017472921871e-1084 r 4.8313111265357553e+336484
t: 340 r1 1.0091709213834554e+2076 r2 9.7649682567018983e-1084 r 2.1561327142963770e+337477
t: 341 r1 2.7781180225743885e+2076 r2 9.7649630805499752e-1084 r 6.7226543706656279e+338469
t: 342 r1 7.6069601072290198e+2075 r2 9.7649630805499752e-1084 r 2.1699820256168164e+339462
t: 343 r1 2.3634159415083563e+2076 r2 9.7646027956591549e-1084 r 3.9835794492010201e+340455
t: 344 r1 1.0871355702954188e+2077 r2 9.7643937917074379e-1084 r 2.1020559722890778e+341449
t: 345 r1 7.1844165612780569e+2075 r2 9.7643937917074379e-1084 r 1.4864379385177988e+342441
t: 346 r1 1.5750450838057748e+2076 r2 9.7643937917074379e-1084 r 2.0615043199800884e+343434
t: 347 r1 1.1303056631150639e+2076 r2 9.7644452171351176e-1084 r 1.7380182512898269e+344427
t: 348 r1 6.3493118626153709e+2075 r2 9.7644452171351176e-1084 r 8.8355465592461626e+345419
t: 349 r1 1.1979318360589245e+2076 r2 9.7644637374013112e-1084 r 8.4628819176480560e+346412
t: 350 r1 1.6498375255854880e+2076 r2 9.7646389725716272e-1084 r 1.2592085865811419e+347406
t: 351 r1 4.2368479794499443e+2075 r2 9.7646389725716272e-1084 r 2.3080064637158107e+348397
t: 352 r1 2.0863526936340105e+2076 r2 9.7644728905042934e-1084 r 3.7796537686969575e+349390
t: 353 r1 8.6273549671349558e+2075 r2 9.7644728905042934e-1084 r 2.5513319060269927e+350382
t: 354 r1 1.9102213044833123e+2076 r2 9.7644728905042934e-1084 r 6.3251399154333252e+351374
t: 355 r1 6.4381925116192514e+2075 r2 9.7644728905042934e-1084 r 8.5426288929196938e+352365
t: 356 r1 1.0008283208141076e+2076 r2 9.7639551825056076e-1084 r 5.6798596715947284e+353357
t: 357 r1 1.8890735392182416e+2075 r2 9.7639551825056076e-1084 r 3.9707088246729073e+354349
t: 358 r1 1.5020153557565601e+2075 r2 9.7640469253053010e-1084 r 3.7810483779280318e+355341
t: 359 r1 8.1612390121482112e+2075 r2 9.7640469253053010e-1084 r 1.1836669483305077e+356333
t: 360 r1 2.8174950717833717e+2075 r2 9.7640469253053010e-1084 r 2.1275063791173105e+357325
t: 361 r1 2.5301185404646035e+2075 r2 9.7640351356083963e-1084 r 4.3647806128014863e+358317
t: 362 r1 2.4579553007065661e+2076 r2 9.7638924016235084e-1084 r 2.7113053368704106e+359310
t: 363 r1 1.9632651893805009e+2075 r2 9.7638924016235084e-1084 r 3.0823079766876594e+360302
t: 364 r1 1.9454486592022410e+2074 r2 9.7637828595375319e-1084 r 4.2255337748020166e+361293
t: 365 r1 8.8784123597616955e+2075 r2 9.7637828595375319e-1084 r 6.1442064680741491e+362285
t: 366 r1 5.3746672858097928e+2075 r2 9.7637828595375319e-1084 r 1.7799322773915931e+363277
t: 367 r1 3.0896639840505005e+2075 r2 9.7638370479170192e-1084 r 2.4518344118512866e+364269
t: 368 r1 1.5635410118810540e+2076 r2 9.7642084386701851e-1084 r 3.1681856921265870e+365261
t: 369 r1 1.0466592566292904e+2076 r2 9.7642084386701851e-1084 r 1.7113827198414583e+366254
t: 370 r1 2.0505354886165281e+2076 r2 9.7642084386701851e-1084 r 1.6132488954241979e+367247
t: 371 r1 3.3519546455330119e+2075 r2 9.7641663170028038e-1084 r 4.8582640096618922e+368239
t: 372 r1 2.0399721609512422e+2076 r2 9.7641663170028038e-1084 r 8.2079471235520449e+369232
t: 373 r1 2.4232811851621171e+2075 r2 9.7643382872896775e-1084 r 1.0835505908926023e+370225
t: 374 r1 1.8281550564106408e+2076 r2 9.7642180820379959e-1084 r 1.4305664169144563e+371217
t: 375 r1 1.6231461588035636e+2076 r2 9.7642180820379959e-1084 r 7.8262190013657216e+372209
t: 376 r1 2.6517156720738965e+2075 r2 9.7642202846073811e-1084 r 8.7029744921022842e+373201
t: 377 r1 1.1073322731906361e+2076 r2 9.7642202846073811e-1084 r 4.2765091109435135e+374194
t: 378 r1 1.3985440886196857e+2075 r2 9.7640891890121720e-1084 r 4.7521888990478838e+375186
t: 379 r1 9.6500109219167554e+2075 r2 9.7640741353207696e-1084 r 1.9742692732466891e+376179
t: 380 r1 1.5651143139872476e+2075 r2 9.7640290636314385e-1084 r 2.4481048259864559e+377171
t: 381 r1 4.5418156437067275e+2075 r2 9.7640290636314385e-1084 r 1.8218061443155223e+378163
t: 382 r1 5.9238859671154515e+2075 r2 9.7639820076102482e-1084 r 6.1214358229941828e+379155
t: 383 r1 3.2450163123690882e+2076 r2 9.7639820076102482e-1084 r 1.3703656098144030e+380149
t: 384 r1 2.3188420736281935e+2076 r2 9.7639820076102482e-1084 r 2.0762600014479979e+381141
t: 385 r1 5.6374655459745816e+2075 r2 9.7639820076102482e-1084 r 7.6530828890618506e+382133
t: 386 r1 6.9277684037163880e+2075 r2 9.7640529073145727e-1084 r 1.8595589067993259e+383126
t: 387 r1 2.1681366029935111e+2075 r2 9.7644597826689250e-1084 r 2.3171584118301430e+384118
t: 388 r1 7.1443592741659800e+2075 r2 9.7644925091545800e-1084 r 1.2617315190060427e+385111
t: 389 r1 4.0560123698433751e+2075 r2 9.7644925091545800e-1084 r 3.7322176695572043e+386103
t: 390 r1 5.4994143174865783e+2076 r2 9.7644925091545800e-1084 r 8.2103245731276252e+387096
t: 391 r1 1.4555633965562134e+2076 r2 9.7647647049249505e-1084 r 9.7572445884910117e+388089
t: 392 r1 3.9975155991758127e+2075 r2 9.7646590338677243e-1084 r 3.4256075664242915e+389082
t: 393 r1 1.9200504295886800e+2076 r2 9.7642487747245173e-1084 r 6.6319104377091460e+390074
t: 394 r1 3.8657115878535096e+2075 r2 9.7642487747245173e-1084 r 1.7342507647761275e+391067
t: 395 r1 2.7664755280045110e+2076 r2 9.7642487747245173e-1084 r 3.1109099927214257e+392060
t: 396 r1 2.9389233636110480e+2075 r2 9.7642701107728358e-1084 r 8.5075291860308833e+393052
t: 397 r1 4.9765314516601420e+2075 r2 9.7642701107728358e-1084 r 2.5311163600571112e+394045
t: 398 r1 3.9986860089707753e+2075 r2 9.7642486151485692e-1084 r 6.0774938877716518e+395037
t: 399 r1 1.2667556823078953e+2076 r2 9.7642486151485692e-1084 r 2.7956366314896662e+396030
t: 400 r1 7.3307041287829257e+2075 r2 9.7642050904595948e-1084 r 3.2975487346469678e+397022
t: 401 r1 2.6680552650854103e+2075 r2 9.7642050904595948e-1084 r 8.0829404774526575e+398014
t: 402 r1 1.0414985005365801e+2076 r2 9.7642050904595948e-1084 r 4.2892556169010441e+399007
t: 403 r1 4.5263659523132191e+2075 r2 9.7642050904595948e-1084 r 9.7571448846314354e+399999
t: 404 r1 2.8984529928970788e+2076 r2 9.7642050904595948e-1084 r 2.2936752582983077e+400993
t: 405 r1 1.2125780061760689e+2075 r2 9.7642501392589429e-1084 r 1.7965507735701201e+401985
t: 406 r1 1.1440646079818736e+2076 r2 9.7643015526936456e-1084 r 1.2772785500442082e+402978
t: 407 r1 6.4016184533103501e+2075 r2 9.7643114599226577e-1084 r 1.4913845917880834e+403970
t: 408 r1 4.5513106761542521e+2076 r2 9.7643114599226577e-1084 r 1.8777157988756931e+404963
t: 409 r1 4.0980503857699329e+2075 r2 9.7643114599226577e-1084 r 2.4527244337947925e+405955
t: 410 r1 2.5070513364784138e+2076 r2 9.7643114599226577e-1084 r 1.5690469890641427e+406948
t: 411 r1 2.9871214127030594e+2075 r2 9.7643114599226577e-1084 r 1.3226421479356634e+407939
t: 412 r1 3.1864910417790450e+2075 r2 9.7643114599226577e-1084 r 3.2431467022760766e+408931
t: 413 r1 1.7039753807171085e+2076 r2 9.7648651081340609e-1084 r 4.0577712075707798e+409924
t: 414 r1 4.7854302029810651e+2075 r2 9.7645770666857540e-1084 r 1.8379613023035125e+410917
t: 415 r1 1.5190133434485066e+2076 r2 9.7649922543257857e-1084 r 8.2475008455211753e+411909
t: 416 r1 2.6309418632036979e+2076 r2 9.7650699947338854e-1084 r 1.7634052555470543e+412903
t: 417 r1 4.5312385142566475e+2075 r2 9.7656263624721539e-1084 r 4.5771957968653901e+413895
t: 418 r1 1.5066242761836774e+2076 r2 9.7656356796531897e-1084 r 2.0111951621858057e+414888
t: 419 r1 3.0057990364821363e+2076 r2 9.7653318075606003e-1084 r 3.1791034740650805e+415880
t: 420 r1 1.0345244343046630e+2076 r2 9.7653318075606003e-1084 r 1.4024318591761732e+416873
t: 421 r1 7.0354032313611624e+2075 r2 9.7653318075606003e-1084 r 8.7010169770571865e+417865
t: 422 r1 2.3305793364069882e+2076 r2 9.7653318075606003e-1084 r 7.9283257025768291e+418858
t: 423 r1 1.2962379727925550e+2076 r2 9.7653318075606003e-1084 r 7.0769546298727471e+419851
t: 424 r1 1.6940406429095475e+2076 r2 9.7653595606839333e-1084 r 8.5717861824444017e+420844
t: 425 r1 5.7642971602279759e+2076 r2 9.7653595606839333e-1084 r 3.8731099580372297e+421838
t: 426 r1 9.9814882256121136e+2075 r2 9.7653595606839333e-1084 r 6.0191182620360222e+422830
t: 427 r1 1.6105488803573981e+2076 r2 9.7653595606839333e-1084 r 2.5911440782612520e+423823
t: 428 r1 3.1548660899593630e+2076 r2 9.7653595606839333e-1084 r 4.6573026621116204e+424815
t: 429 r1 1.2369105027863625e+2076 r2 9.7653964451577413e-1084 r 1.3273750979231679e+425808
t: 430 r1 9.5143132325162829e+2075 r2 9.7653964451577413e-1084 r 6.4942165449074794e+426800
t: 431 r1 8.4115631952591488e+2075 r2 9.7653964451577413e-1084 r 5.5853879714957410e+427792
t: 432 r1 8.2456696858908925e+2076 r2 9.7653964451577413e-1084 r 4.0899618742372878e+428785
t: 433 r1 3.7954940442950662e+2076 r2 9.7658467579687123e-1084 r 1.0807037811935316e+429779
t: 434 r1 2.1282689448893083e+2076 r2 9.7658467579687123e-1084 r 1.2463770205547323e+430772
t: 435 r1 2.2464102166419567e+2076 r2 9.7663544106705055e-1084 r 8.6186986856583530e+431764
t: 436 r1 6.7694541696136658e+2075 r2 9.7663544106705055e-1084 r 4.1098420518395569e+432757
t: 437 r1 3.1232809902433091e+2075 r2 9.7664107973231544e-1084 r 5.3788624333532444e+433749
t: 438 r1 6.9935265682272556e+2075 r2 9.7664107973231544e-1084 r 2.3250629744099813e+434742
t: 439 r1 6.4035666997086934e+2075 r2 9.7660144117569075e-1084 r 8.1606753493422628e+435733
t: 440 r1 1.3015718661430057e+2075 r2 9.7658069078723721e-1084 r 9.8303684594940748e+436725
t: 441 r1 4.9732846929430653e+2075 r2 9.7665618489791588e-1084 r 3.0096170423048119e+437717
t: 442 r1 1.6712290494645835e+2076 r2 9.7665618489791588e-1084 r 1.2294514258111497e+438710
t: 443 r1 2.3942022689496628e+2076 r2 9.7665618489791588e-1084 r 1.2285426662094764e+439702
t: 444 r1 1.3937930642980164e+2076 r2 9.7665618489791588e-1084 r 4.0149162288594944e+440694
t: 445 r1 5.1412677458013644e+2075 r2 9.7665871991310700e-1084 r 5.3117758306808047e+441686
t: 446 r1 1.6542121684608695e+2076 r2 9.7666493241361897e-1084 r 4.2797341967356740e+442679
t: 447 r1 1.0328054900267887e+2076 r2 9.7666493241361897e-1084 r 1.9266862478911901e+443672
t: 448 r1 5.8586443848575059e+2075 r2 9.7667064231011693e-1084 r 8.8240741162609794e+444664
t: 449 r1 2.6307634726521991e+2076 r2 9.7667064231011693e-1084 r 1.1925832934892414e+445658
t: 450 r1 1.5842061536286559e+2076 r2 9.7669242479563041e-1084 r 9.0159720289286368e+446650
t: 451 r1 1.0306221118349149e+2076 r2 9.7669242479563041e-1084 r 5.5184706729750500e+447642
t: 452 r1 2.7520892522926997e+2075 r2 9.7673713790434176e-1084 r 1.3432878155061683e+448635
t: 453 r1 7.3666790421251005e+2075 r2 9.7680093863308960e-1084 r 5.2858875009587615e+449626
t: 454 r1 9.7617697318747929e+2075 r2 9.7680093863308960e-1084 r 3.6636238002881335e+450619
t: 455 r1 9.7259699178924225e+2075 r2 9.7680093863308960e-1084 r 4.3007360203364597e+451611
t: 456 r1 1.7046898205641421e+2076 r2 9.7680093863308960e-1084 r 4.9184824375657573e+452604
t: 457 r1 4.1403164659783459e+2075 r2 9.7680051085727861e-1084 r 1.8703690331846991e+453597
t: 458 r1 2.0918547667755334e+2075 r2 9.7676296999951272e-1084 r 6.0236657701165478e+454588
t: 459 r1 2.0991724777037900e+2076 r2 9.7678502065361671e-1084 r 4.9963712561920426e+455581
t: 460 r1 9.0850070631634927e+2075 r2 9.7687441621281328e-1084 r 1.7553980459733598e+456574
t: 461 r1 5.3241589673354294e+2075 r2 9.7687441621281328e-1084 r 8.9128917478568403e+457566
t: 462 r1 1.4372118843733285e+2076 r2 9.7686844497752168e-1084 r 1.1610957139641633e+458560
t: 463 r1 1.7500733754032832e+2075 r2 9.7687200350649512e-1084 r 1.2648501008380650e+459552
t: 464 r1 9.3500475197898664e+2075 r2 9.7687200350649512e-1084 r 1.5217888886496832e+460544
t: 465 r1 4.0108879664368631e+2076 r2 9.7687908309713799e-1084 r 2.7936226615644471e+461537
t: 466 r1 7.8956763536132383e+2075 r2 9.7687908309713799e-1084 r 1.1234494549329049e+462530
t: 467 r1 1.2630253083855038e+2076 r2 9.7689483155974901e-1084 r 5.1065031227661211e+463522
t: 468 r1 3.3406241312454815e+2075 r2 9.7679711685394461e-1084 r 1.6494017152663852e+464515
t: 469 r1 4.2562932189537115e+2075 r2 9.7679711685394461e-1084 r 4.5859795514127026e+465507
t: 470 r1 2.2226382986136909e+2075 r2 9.7679711685394461e-1084 r 2.8470194467103931e+466499
t: 471 r1 9.6414101009845667e+2075 r2 9.7686857380727047e-1084 r 1.4190742833295179e+467492
t: 472 r1 1.5209500673567914e+2076 r2 9.7686857380727047e-1084 r 1.0995633752495036e+468485
t: 473 r1 9.5927832877671635e+2074 r2 9.7686857380727047e-1084 r 9.3638663987898450e+469476
t: 474 r1 1.6608385026067565e+2076 r2 9.7686857380727047e-1084 r 1.2697169863402284e+470469
t: 475 r1 2.2883482316904842e+2076 r2 9.7686857380727047e-1084 r 1.5995252281775641e+471462
t: 476 r1 8.2238616673975121e+2075 r2 9.7688524422470486e-1084 r 8.4470208859374134e+472454
t: 477 r1 3.9650696442208576e+2075 r2 9.7688524422470486e-1084 r 7.6853526177488377e+473446
t: 478 r1 1.7984028286771181e+2076 r2 9.7688524422470486e-1084 r 1.0213817425669425e+474440
t: 479 r1 8.4722946506244157e+2075 r2 9.7687452693259456e-1084 r 7.2478660281942177e+475432
t: 480 r1 3.7986889749343542e+2076 r2 9.7687452693259456e-1084 r 1.0626817318639256e+476425
t: 481 r1 6.4612163819693650e+2075 r2 9.7687452693259456e-1084 r 4.2079827815987009e+477417
t: 482 r1 2.0868974912755065e+2075 r2 9.7686664786720479e-1084 r 8.2673405457998380e+478409
t: 483 r1 7.2508068164226855e+2076 r2 9.7688436776638934e-1084 r 2.9997309335530234e+479403
t: 484 r1 3.9336763222041518e+2076 r2 9.7687636655281439e-1084 r 2.3716462230036583e+480396
t: 485 r1 5.6919147251937064e+2075 r2 9.7689314400720329e-1084 r 7.4683082336609332e+481388
t: 486 r1 4.4300134250047703e+2075 r2 9.7689314400720329e-1084 r 1.3238920833471059e+482380
t: 487 r1 2.3679718952417046e+2076 r2 9.7690535301313702e-1084 r 3.4405847854534904e+483372
t: 488 r1 6.8600415391029415e+2075 r2 9.7691170980838848e-1084 r 9.7736180020800044e+484364
t: 489 r1 2.6750875442619928e+2076 r2 9.7691170980838848e-1084 r 6.5877612126069430e+485357
t: 490 r1 1.1501274485475309e+2076 r2 9.7691170980838848e-1084 r 3.6191118828689354e+486350
t: 491 r1 1.6228521205461215e+2076 r2 9.7690814535291071e-1084 r 8.0193982056644695e+487342
t: 492 r1 1.8297769050217799e+2076 r2 9.7690814535291071e-1084 r 1.0132364920627876e+488336
t: 493 r1 2.8599762631587252e+2076 r2 9.7690587212892817e-1084 r 5.8189150374077919e+489328
t: 494 r1 6.4955582359828555e+2075 r2 9.7701399836098855e-1084 r 2.4484124735431038e+490321
t: 495 r1 3.5204780364485324e+2076 r2 9.7701399836098855e-1084 r 3.4743568774788080e+491314
result 3.4620865694427485e+487351
