Tku started ...
i,x,y 0 16 10
i,x,y 0 16 11
i,x,y 0 16 12
i,x,y 0 17 10
i,x,y 0 17 11
i,x,y 0 17 12
i,x,y 0 18 10
i,x,y 0 18 11
i,x,y 0 18 12
i suma 0 m 9.3552133661417809 e 271.00000000000000
i,x,y 1 16 10
i,x,y 1 16 11
i,x,y 1 16 12
i,x,y 1 17 10
i,x,y 1 17 11
i,x,y 1 17 12
i,x,y 1 18 10
i,x,y 1 18 11
i,x,y 1 18 12
i suma 1 m 9.3561684343220790 e 271.00000000000000
i,x,y 2 16 10
i,x,y 2 16 11
i,x,y 2 16 12
i,x,y 2 17 10
i,x,y 2 17 11
i,x,y 2 17 12
i,x,y 2 18 10
i,x,y 2 18 11
i,x,y 2 18 12
i suma 2 m 9.3529633220581481 e 271.00000000000000
i,x,y 3 16 10
i,x,y 3 16 11
i,x,y 3 16 12
i,x,y 3 17 10
i,x,y 3 17 11
i,x,y 3 17 12
i,x,y 3 18 10
i,x,y 3 18 11
i,x,y 3 18 12
i suma 3 m 9.3566069721637994 e 271.00000000000000
suma: m 9.3552133661417809 e 271.00000000000000
t: 2 I_T[t][0]: 5.8619877068411999 271.00000000000000
i,x,y 0 16 10
i,x,y 0 16 11
i,x,y 0 16 12
i,x,y 0 17 10
i,x,y 0 17 11
i,x,y 0 17 12
i,x,y 0 18 10
i,x,y 0 18 11
i,x,y 0 18 12
i suma 0 m 3.3082343612975151 e 267.00000000000000
i,x,y 1 16 10
i,x,y 1 16 11
i,x,y 1 16 12
i,x,y 1 17 10
i,x,y 1 17 11
i,x,y 1 17 12
i,x,y 1 18 10
i,x,y 1 18 11
i,x,y 1 18 12
i suma 1 m 3.3085719853761693 e 267.00000000000000
i,x,y 2 16 10
i,x,y 2 16 11
i,x,y 2 16 12
i,x,y 2 17 10
i,x,y 2 17 11
i,x,y 2 17 12
i,x,y 2 18 10
i,x,y 2 18 11
i,x,y 2 18 12
i suma 2 m 3.3074375807661052 e 267.00000000000000
i,x,y 3 16 10
i,x,y 3 16 11
i,x,y 3 16 12
i,x,y 3 17 10
i,x,y 3 17 11
i,x,y 3 17 12
i,x,y 3 18 10
i,x,y 3 18 11
i,x,y 3 18 12
i suma 3 m 3.3087270039886505 e 267.00000000000000
suma: m 3.3082343612975151 e 267.00000000000000
t: 3 I_T[t][0]: 7.7571512925020460 537.00000000000000
i,x,y 0 16 10
i,x,y 0 16 11
i,x,y 0 16 12
i,x,y 0 17 10
i,x,y 0 17 11
i,x,y 0 17 12
i,x,y 0 18 10
i,x,y 0 18 11
i,x,y 0 18 12
i suma 0 m 3.0368593938161306 e 233.00000000000000
i,x,y 1 16 10
i,x,y 1 16 11
i,x,y 1 16 12
i,x,y 1 17 10
i,x,y 1 17 11
i,x,y 1 17 12
i,x,y 1 18 10
i,x,y 1 18 11
i,x,y 1 18 12
i suma 1 m 3.0374346013342937 e 233.00000000000000
i,x,y 2 16 10
i,x,y 2 16 11
i,x,y 2 16 12
i,x,y 2 17 10
i,x,y 2 17 11
i,x,y 2 17 12
i,x,y 2 18 10
i,x,y 2 18 11
i,x,y 2 18 12
i suma 2 m 3.0363935810024154 e 233.00000000000000
i,x,y 3 16 10
i,x,y 3 16 11
i,x,y 3 16 12
i,x,y 3 17 10
i,x,y 3 17 11
i,x,y 3 17 12
i,x,y 3 18 10
i,x,y 3 18 11
i,x,y 3 18 12
i suma 3 m 3.0375768877401361 e 233.00000000000000
suma: m 3.0368593938161306 e 233.00000000000000
t: 4 I_T[t][0]: 9.4235925387744075 769.00000000000000
i,x,y 0 16 10
i,x,y 0 16 11
i,x,y 0 16 12
i,x,y 0 17 10
i,x,y 0 17 11
i,x,y 0 17 12
i,x,y 0 18 10
i,x,y 0 18 11
i,x,y 0 18 12
i suma 0 m 8.1114022893421982 e -73.000000000000000
i,x,y 1 16 10
i,x,y 1 16 11
i,x,y 1 16 12
i,x,y 1 17 10
i,x,y 1 17 11
i,x,y 1 17 12
i,x,y 1 18 10
i,x,y 1 18 11
i,x,y 1 18 12
i suma 1 m 8.1129386593134836 e -73.000000000000000
i,x,y 2 16 10
i,x,y 2 16 11
i,x,y 2 16 12
i,x,y 2 17 10
i,x,y 2 17 11
i,x,y 2 17 12
i,x,y 2 18 10
i,x,y 2 18 11
i,x,y 2 18 12
i suma 2 m 8.1101581108559380 e -73.000000000000000
i,x,y 3 16 10
i,x,y 3 16 11
i,x,y 3 16 12
i,x,y 3 17 10
i,x,y 3 17 11
i,x,y 3 17 12
i,x,y 3 18 10
i,x,y 3 18 11
i,x,y 3 18 12
i suma 3 m 8.1133187040005836 e -73.000000000000000
suma: m 8.1114022893421982 e -73.000000000000000
t: 5 I_T[t][0]: 1.5441235084856433 694.00000000000000
i,x,y 0 16 10
i,x,y 0 16 11
i,x,y 0 16 12
i,x,y 0 17 10
i,x,y 0 17 11
i,x,y 0 17 12
i,x,y 0 18 10
i,x,y 0 18 11
i,x,y 0 18 12
i suma 0 m 1.0397737428877463 e -2829.0000000000000
i,x,y 1 16 10
i,x,y 1 16 11
i,x,y 1 16 12
i,x,y 1 17 10
i,x,y 1 17 11
i,x,y 1 17 12
i,x,y 1 18 10
i,x,y 1 18 11
i,x,y 1 18 12
i suma 1 m 1.0399800182947205 e -2829.0000000000000
i,x,y 2 16 10
i,x,y 2 16 11
i,x,y 2 16 12
i,x,y 2 17 10
i,x,y 2 17 11
i,x,y 2 17 12
i,x,y 2 18 10
i,x,y 2 18 11
i,x,y 2 18 12
i suma 2 m 1.0396235170733896 e -2829.0000000000000
i,x,y 3 16 10
i,x,y 3 16 11
i,x,y 3 16 12
i,x,y 3 17 10
i,x,y 3 17 11
i,x,y 3 17 12
i,x,y 3 18 10
i,x,y 3 18 11
i,x,y 3 18 12
i suma 3 m 1.0400287383125684 e -2829.0000000000000
suma: m 1.0397737428877463 e -2829.0000000000000
t: 6 I_T[t][0]: 6.4226366115199296 -2135.0000000000000
i,x,y 0 16 10
i,x,y 0 16 11
i,x,y 0 16 12
i,x,y 0 17 10
i,x,y 0 17 11
i,x,y 0 17 12
i,x,y 0 18 10
i,x,y 0 18 11
i,x,y 0 18 12
i suma 0 m 8.3284982878975367 e -27620.000000000000
i,x,y 1 16 10
i,x,y 1 16 11
i,x,y 1 16 12
i,x,y 1 17 10
i,x,y 1 17 11
i,x,y 1 17 12
i,x,y 1 18 10
i,x,y 1 18 11
i,x,y 1 18 12
i suma 1 m 8.3301505361732495 e -27620.000000000000
i,x,y 2 16 10
i,x,y 2 16 11
i,x,y 2 16 12
i,x,y 2 17 10
i,x,y 2 17 11
i,x,y 2 17 12
i,x,y 2 18 10
i,x,y 2 18 11
i,x,y 2 18 12
i suma 2 m 8.3272949920399277 e -27620.000000000000
i,x,y 3 16 10
i,x,y 3 16 11
i,x,y 3 16 12
i,x,y 3 17 10
i,x,y 3 17 11
i,x,y 3 17 12
i,x,y 3 18 10
i,x,y 3 18 11
i,x,y 3 18 12
i suma 3 m 8.3305407793275990 e -27620.000000000000
suma: m 8.3284982878975367 e -27620.000000000000
t: 7 I_T[t][0]: 1.0805715037223069 -29757.000000000000
i,x,y 0 16 10
i,x,y 0 16 11
i,x,y 0 16 12
i,x,y 0 17 10
i,x,y 0 17 11
i,x,y 0 17 12
i,x,y 0 18 10
i,x,y 0 18 11
i,x,y 0 18 12
i suma 0 m 1.4958051008934494 e -250757.00000000000
i,x,y 1 16 10
i,x,y 1 16 11
i,x,y 1 16 12
i,x,y 1 17 10
i,x,y 1 17 11
i,x,y 1 17 12
i,x,y 1 18 10
i,x,y 1 18 11
i,x,y 1 18 12
i suma 1 m 1.4961018460344486 e -250757.00000000000
i,x,y 2 16 10
i,x,y 2 16 11
i,x,y 2 16 12
i,x,y 2 17 10
i,x,y 2 17 11
i,x,y 2 17 12
i,x,y 2 18 10
i,x,y 2 18 11
i,x,y 2 18 12
i suma 2 m 1.4955889879737516 e -250757.00000000000
i,x,y 3 16 10
i,x,y 3 16 11
i,x,y 3 16 12
i,x,y 3 17 10
i,x,y 3 17 11
i,x,y 3 17 12
i,x,y 3 18 10
i,x,y 3 18 11
i,x,y 3 18 12
i suma 3 m 1.4961719340239861 e -250757.00000000000
suma: m 1.4958051008934494 e -250757.00000000000
t: 8 I_T[t][0]: 6.4657809868998264 -280514.00000000000
i,x,y 0 16 10
i,x,y 0 16 11
i,x,y 0 16 12
i,x,y 0 17 10
i,x,y 0 17 11
i,x,y 0 17 12
i,x,y 0 18 10
i,x,y 0 18 11
i,x,y 0 18 12
i suma 0 m 6.0830422402594060 e -2258983.0000000000
i,x,y 1 16 10
i,x,y 1 16 11
i,x,y 1 16 12
i,x,y 1 17 10
i,x,y 1 17 11
i,x,y 1 17 12
i,x,y 1 18 10
i,x,y 1 18 11
i,x,y 1 18 12
i suma 1 m 6.0842490239682014 e -2258983.0000000000
i,x,y 2 16 10
i,x,y 2 16 11
i,x,y 2 16 12
i,x,y 2 17 10
i,x,y 2 17 11
i,x,y 2 17 12
i,x,y 2 18 10
i,x,y 2 18 11
i,x,y 2 18 12
i suma 2 m 6.0821633663884702 e -2258983.0000000000
i,x,y 3 16 10
i,x,y 3 16 11
i,x,y 3 16 12
i,x,y 3 17 10
i,x,y 3 17 11
i,x,y 3 17 12
i,x,y 3 18 10
i,x,y 3 18 11
i,x,y 3 18 12
i suma 3 m 6.0845340532147487 e -2258983.0000000000
suma: m 6.0830422402594060 e -2258983.0000000000
t: 9 I_T[t][0]: 4.0521234363139742 -2539498.0000000000
i,x,y 0 16 10
i,x,y 0 16 11
i,x,y 0 16 12
i,x,y 0 17 10
i,x,y 0 17 11
i,x,y 0 17 12
i,x,y 0 18 10
i,x,y 0 18 11
i,x,y 0 18 12
i suma 0 m 9.4035652454848382 e -20333018.000000000
i,x,y 1 16 10
i,x,y 1 16 11
i,x,y 1 16 12
i,x,y 1 17 10
i,x,y 1 17 11
i,x,y 1 17 12
i,x,y 1 18 10
i,x,y 1 18 11
i,x,y 1 18 12
i suma 1 m 9.4054134406438088 e -20333018.000000000
i,x,y 2 16 10
i,x,y 2 16 11
i,x,y 2 16 12
i,x,y 2 17 10
i,x,y 2 17 11
i,x,y 2 17 12
i,x,y 2 18 10
i,x,y 2 18 11
i,x,y 2 18 12
i suma 2 m 9.4021736143145631 e -20333018.000000000
i,x,y 3 16 10
i,x,y 3 16 11
i,x,y 3 16 12
i,x,y 3 17 10
i,x,y 3 17 11
i,x,y 3 17 12
i,x,y 3 18 10
i,x,y 3 18 11
i,x,y 3 18 12
i suma 3 m 9.4058545049418552 e -20333018.000000000
suma: m 9.4035652454848382 e -20333018.000000000
t: 10 I_T[t][0]: 3.9256834192054755 -22872517.000000000
i,x,y 0 16 10
i,x,y 0 16 11
i,x,y 0 16 12
i,x,y 0 17 10
i,x,y 0 17 11
i,x,y 0 17 12
i,x,y 0 18 10
i,x,y 0 18 11
i,x,y 0 18 12
i suma 0 m 1.4008907015988368 e -182999331.00000000
i,x,y 1 16 10
i,x,y 1 16 11
i,x,y 1 16 12
i,x,y 1 17 10
i,x,y 1 17 11
i,x,y 1 17 12
i,x,y 1 18 10
i,x,y 1 18 11
i,x,y 1 18 12
i suma 1 m 1.4011660354052549 e -182999331.00000000
i,x,y 2 16 10
i,x,y 2 16 11
i,x,y 2 16 12
i,x,y 2 17 10
i,x,y 2 17 11
i,x,y 2 17 12
i,x,y 2 18 10
i,x,y 2 18 11
i,x,y 2 18 12
i suma 2 m 1.4006833841489548 e -182999331.00000000
i,x,y 3 16 10
i,x,y 3 16 11
i,x,y 3 16 12
i,x,y 3 17 10
i,x,y 3 17 11
i,x,y 3 17 12
i,x,y 3 18 10
i,x,y 3 18 11
i,x,y 3 18 12
i suma 3 m 1.4012317427043282 e -182999331.00000000
suma: m 1.4008907015988368 e -182999331.00000000
t: 11 I_T[t][0]: 1.1109431632230238 -205871849.00000000
i,x,y 0 17 10
i,x,y 0 17 11
i,x,y